<?xml version="1.0" encoding="UTF-8"?>
<!-- Generated by org.testng.reporters.JUnitReportReporter -->
<testsuite skipped="0" hostname="DESKTOP-VQ279J4" name="testcases.CompareArraysTest" tests="1" failures="0" timestamp="06 Jun 2022 18:08:20 GMT" time="0.000" errors="0">
  <testcase name="testVerfiyArrays" time="0.000" classname="testcases.CompareArraysTest"/>
</testsuite> <!-- testcases.CompareArraysTest -->
