<?xml version="1.0" encoding="UTF-8"?>
<!-- Generated by org.testng.reporters.JUnitReportReporter -->
<testsuite skipped="0" hostname="DESKTOP-VQ279J4" name="testcases.TestCompareArrays" tests="1" failures="0" timestamp="07 Jun 2022 03:05:54 GMT" time="0.006" errors="0">
  <testcase name="testVerfiyArrays" time="0.006" classname="testcases.TestCompareArrays"/>
</testsuite> <!-- testcases.TestCompareArrays -->
